
=== Mon Nov 11 15:46:36 2024

Packages were changed.
Update Mode: updateDependencies

The following packages were updated:
  com.unity.shadergraph from version 12.1.9 to 12.1.10

=== Sun Nov 24 21:56:03 2024

Packages were changed.
Update Mode: updateDependencies

The following packages were updated:
  com.unity.collab-proxy from version 2.1.0 to 2.3.1
  com.unity.ide.rider from version 3.0.18 to 3.0.28
  com.unity.ide.visualstudio from version 2.0.17 to 2.0.22
  com.unity.shadergraph from version 12.1.10 to 12.1.15
  com.unity.test-framework from version 1.1.31 to 1.1.33
  com.unity.timeline from version 1.6.4 to 1.6.5
  com.unity.visualscripting from version 1.8.0 to 1.9.4

=== Thu Nov 28 15:16:51 2024

Packages were changed.
Update Mode: updateDependencies

The following packages were updated:
  com.unity.shadergraph from version 12.1.9 to 12.1.15
